[2024/12/01 21:35:56]: §9          __             _       
[2024/12/01 21:35:56]: §9  _ __   / /  ___   __ _(_)_ __  
[2024/12/01 21:35:56]: §9 | '_ \ / /  / _ \ / _` | | '_ \ 
[2024/12/01 21:35:56]: §9 | | | / /__| (_) | (_| | | | | |
[2024/12/01 21:35:56]: §9 |_| |_\____/\___/ \__, |_|_| |_|
[2024/12/01 21:35:56]: §9                  |___/            
[2024/12/01 21:35:56]: §9 By: www.nickuc.com - V 10.4.17 DEVELOPMENT
[2024/12/01 21:35:56]: §9 
[2024/12/01 21:35:57]: §3[nLogin] [DEBUG] The config.yml file was created successfully.
[2024/12/01 21:35:58]: §3[nLogin] [DEBUG] All settings were loaded in 919 ms.
[2024/12/01 21:35:58]: §3[nLogin] [DEBUG] Loading the messages_es.yml message file...
[2024/12/01 21:35:58]: §3[nLogin] [DEBUG] All plugin messages were loaded in 44 ms (languageByClient=false).
[2024/12/01 21:35:58]: §3[nLogin] [DEBUG] All proxy settings were loaded in 2 ms.
[2024/12/01 21:35:58]: §3[nLogin] [DEBUG] Loading database...
[2024/12/01 21:35:58]: [nLogin] Generating RSA keypair... (this may take a while)
[2024/12/01 21:35:58]: [nLogin] The RSA key pair was successfully generated. Took 0.47s
[2024/12/01 21:35:59]: §3[nLogin] [DEBUG] Starting logger filter...
[2024/12/01 21:35:59]: [nLogin] Downloading ProtocolLib...
[2024/12/01 21:35:59]: [nLogin] *-----------------------------------------------*
[2024/12/01 21:35:59]: [nLogin]   ProtocolLib has been successfully downloaded.
[2024/12/01 21:35:59]: [nLogin]   Restarting server to apply changes...
[2024/12/01 21:35:59]: [nLogin] *-----------------------------------------------*
[2024/12/01 21:36:26]: [nLogin] Successful plugin core shutdown (took 0.00s)
