[2024/12/01 21:40:01]: §9          __             _       
[2024/12/01 21:40:01]: §9  _ __   / /  ___   __ _(_)_ __  
[2024/12/01 21:40:01]: §9 | '_ \ / /  / _ \ / _` | | '_ \ 
[2024/12/01 21:40:01]: §9 | | | / /__| (_) | (_| | | | | |
[2024/12/01 21:40:01]: §9 |_| |_\____/\___/ \__, |_|_| |_|
[2024/12/01 21:40:01]: §9                  |___/            
[2024/12/01 21:40:01]: §9 By: www.nickuc.com - V 10.4.17 DEVELOPMENT
[2024/12/01 21:40:01]: §9 
[2024/12/01 21:40:02]: §3[nLogin] [DEBUG] All settings were loaded in 177 ms.
[2024/12/01 21:40:02]: §3[nLogin] [DEBUG] Loading the messages_es.yml message file...
[2024/12/01 21:40:02]: §3[nLogin] [DEBUG] All plugin messages were loaded in 131 ms (languageByClient=false).
[2024/12/01 21:40:02]: §3[nLogin] [DEBUG] All proxy settings were loaded in 10 ms.
[2024/12/01 21:40:02]: §3[nLogin] [DEBUG] Loading database...
[2024/12/01 21:40:02]: §3[nLogin] [DEBUG] Starting logger filter...
[2024/12/01 21:40:29]: 
[2024/12/01 21:40:29]:  §bThank you so much for choosing nLogin! §4<3
[2024/12/01 21:40:29]: 
[2024/12/01 21:40:29]:  §4For your safety, please read the message below:
[2024/12/01 21:40:29]:   §cNever download nLogin from unknown sources.
[2024/12/01 21:40:29]:   §cA modified version may contain malicious software.
[2024/12/01 21:40:29]: 
[2024/12/01 21:40:29]:  §3Trusted sources:
[2024/12/01 21:40:29]:   §bwww.nickuc.com
[2024/12/01 21:40:29]:   §bwww.github.com/nickuc
[2024/12/01 21:40:29]:   §bOpeNLogin installer (from Spigot or GitHub)
[2024/12/01 21:40:29]: 
[2024/12/01 21:40:29]:  §3Official support channels:
[2024/12/01 21:40:29]:   §bDiscord group: §fwww.nickuc.com/discord
[2024/12/01 21:40:29]:   §bDocumentation: §fdocs.nickuc.com/nlogin/
[2024/12/01 21:40:29]:   §bEmail: §fsupport@nickuc.com
[2024/12/01 21:40:29]:   §bYouTube: §fyoutube.com/nickuc
[2024/12/01 21:40:29]: 
[2024/12/01 21:40:29]:  §eTo remove this warning, log in with "nlogin.admin" permission on the server
[2024/12/01 21:40:29]:  §eand click the "Setup plugin" button to configure your plugin.
[2024/12/01 21:40:29]: 
[2024/12/01 21:41:32]: §3[nLogin] [DEBUG] [SQLite] [UPDATE]: "INSERT INTO `nlogin` (`last_name`, `unique_id`, `mojang_id`, `bedrock_id`, `password`, `last_ip`, `creation_date`, `last_seen`, `email`, `discord`, `settings`) VALUES ('DJMuzan', b705c7aeef57396295153bbc4cfd154f, null, null, '$2a$10$3VXMG1sVwA1xe6XhhnbQnun3Av0VDdDHYBPQkeb6ZkscmplAHyfpm', '127.123.52.86', '2024-12-01 21:41:32.629', '2024-12-01 21:41:32.629', null, null, '{"settings":[{"value":true,"key":"force-invalid-session"}],"version":0}')" (applied to all columns)
[2024/12/01 21:41:32]: [nLogin] The user DJMuzan has successfully registered.
[2024/12/01 21:42:38]: [nLogin] Successful plugin core shutdown (took 0.00s)
