[03:45:38] [ServerMain/INFO]: Environment: authHost='https://authserver.mojang.com', accountsHost='https://api.mojang.com', sessionHost='https://sessionserver.mojang.com', servicesHost='https://api.minecraftservices.com', name='PROD'
[03:45:41] [ServerMain/INFO]: Loaded 7 recipes
[03:45:42] [Server thread/INFO]: Starting minecraft server version 1.20.1
[03:45:42] [Server thread/INFO]: Loading properties
[03:45:42] [Server thread/INFO]: This server is running Paper version git-Paper-196 (MC: 1.20.1) (Implementing API version 1.20.1-R0.1-SNAPSHOT) (Git: 773dd72)
[03:45:43] [Server thread/INFO]: Server Ping Player Sample Count: 12
[03:45:43] [Server thread/INFO]: Using 4 threads for Netty based IO
[03:45:44] [Server thread/WARN]: [!] The timings profiler has been enabled but has been scheduled for removal from Paper in the future.
    We recommend installing the spark profiler as a replacement: https://spark.lucko.me/
    For more information please visit: https://github.com/PaperMC/Paper/issues/8948
[03:45:44] [Server thread/INFO]: [ChunkTaskScheduler] Chunk system is using 1 I/O threads, 1 worker threads, and gen parallelism of 1 threads
[03:45:44] [Server thread/INFO]: Default game type: SURVIVAL
[03:45:44] [Server thread/INFO]: Generating keypair
[03:45:44] [Server thread/INFO]: Starting Minecraft server on *:25565
[03:45:44] [Server thread/INFO]: Using epoll channel type
[03:45:44] [Server thread/INFO]: Paper: Using libdeflate (Linux x86_64) compression from Velocity.
[03:45:44] [Server thread/INFO]: Paper: Using OpenSSL 1.1.x (Linux x86_64) cipher from Velocity.
[03:45:45] [Server thread/INFO]: [AngelChest] Hooked into WorldGuard 7.0.9+5934e49
[03:45:46] [Server thread/INFO]: [SpigotLibraryLoader] [MobsToEggs] Loading 1 libraries... please wait
[03:45:46] [Server thread/INFO]: [SpigotLibraryLoader] [MobsToEggs] Loaded library /workspaces/Niidea2.5.0/servidor_minecraft/libraries/org/jetbrains/kotlin/kotlin-stdlib/1.9.22/kotlin-stdlib-1.9.22.jar
[03:45:46] [Server thread/INFO]: [SpigotLibraryLoader] [MobsToEggs] Loaded library /workspaces/Niidea2.5.0/servidor_minecraft/libraries/org/jetbrains/annotations/13.0/annotations-13.0.jar
[03:45:47] [Server thread/WARN]: [org.bukkit.craftbukkit.v1_20_R1.legacy.CraftLegacy] Initializing Legacy Material Support. Unless you have legacy plugins and/or data this is a bug!
[03:45:51] [Server thread/WARN]: Legacy plugin ClickTpa v1.7.6 does not specify an api-version.
[03:45:51] [Server thread/INFO]: [ViaVersion] Loading server plugin ViaVersion v5.1.2-SNAPSHOT
[03:45:51] [Server thread/INFO]: [ViaVersion] ViaVersion 5.1.2-SNAPSHOT is now loaded. Registering protocol transformers and injecting...
[03:45:52] [Via-Mappingloader-0/INFO]: [ViaVersion] Loading block connection mappings ...
[03:45:52] [Via-Mappingloader-0/INFO]: [ViaVersion] Using FastUtil Long2ObjectOpenHashMap for block connections
[03:45:52] [Server thread/INFO]: [ViaBackwards] Loading translations...
[03:45:52] [Server thread/INFO]: [ViaBackwards] Registering protocols...
[03:45:53] [Server thread/INFO]: [ViaRewind] Registering protocols...
[03:45:53] [Server thread/INFO]: [WorldEdit] Loading server plugin WorldEdit v7.3.1+6763-2e55f4f
[03:45:54] [Server thread/INFO]: Got request to register class com.sk89q.worldedit.bukkit.BukkitServerInterface with WorldEdit [com.sk89q.worldedit.extension.platform.PlatformManager@b11c592]
[03:45:54] [Server thread/INFO]: [ProtocolLib] Loading server plugin ProtocolLib v5.3.0
[03:45:54] [Server thread/INFO]: [WorldGuard] Loading server plugin WorldGuard v7.0.9+5934e49
[03:45:54] [Server thread/INFO]: [floodgate] Loading server plugin floodgate v2.2.3-SNAPSHOT (b114-83fbd6e)
[03:45:54] [Server thread/INFO]: [floodgate] Tardó 472ms en iniciar Floodgate
[03:45:54] [Server thread/INFO]: [ViaBackwards] Loading server plugin ViaBackwards v5.1.2-SNAPSHOT
[03:45:54] [Server thread/INFO]: [LuckPerms] Loading server plugin LuckPerms v5.4.146
[03:45:55] [Server thread/INFO]: [AngelChest] Loading server plugin AngelChest v13.9.0
[03:45:55] [Server thread/INFO]: [AngelChest] Successfully registered WorldGuard flags.
[03:45:55] [Server thread/INFO]: [VariableEnderChests] Loading server plugin VariableEnderChests v1.11.2.1
[03:45:55] [Server thread/INFO]: [TerraformGenerator] Loading server plugin TerraformGenerator v17.0.1
[03:45:55] [Server thread/INFO]: [nLogin] Loading server plugin nLogin v10.4.17
[03:45:56] [Server thread/INFO]: [Geyser-Spigot] Loading server plugin Geyser-Spigot v2.5.0-SNAPSHOT
[03:45:56] [Server thread/INFO]: [Geyser-Spigot] Loading extensions...
[03:45:56] [Server thread/INFO]: [Geyser-Spigot] Loaded 0 extension(s)
[03:45:56] [Server thread/INFO]: [SkinsRestorer] Loading server plugin SkinsRestorer v15.4.4
[03:45:56] [Server thread/INFO]: [ViaRewind] Loading server plugin ViaRewind v4.0.3
[03:45:56] [Server thread/INFO]: [AuraSkills] Loading server plugin AuraSkills v2.2.6
[03:45:56] [Server thread/INFO]: [Chunky] Loading server plugin Chunky v1.3.136
[03:45:56] [Server thread/INFO]: [CombatPlus] Loading server plugin CombatPlus v1.7.4
[03:45:56] [Server thread/INFO]: [MobsToEggs] Loading server plugin MobsToEggs v1.7.14
[03:45:56] [Server thread/INFO]: [ProtectionStones] Loading server plugin ProtectionStones v2.10.4
[03:45:56] [Server thread/INFO]: [ClickTpa] Loading server plugin ClickTpa v1.7.6
[03:45:56] [Server thread/INFO]: [UltimateHomes] Loading server plugin UltimateHomes v3.0
[03:45:56] [Server thread/INFO]: [HealthBar-Reloaded] Loading server plugin HealthBar-Reloaded v2.0.4.1
[03:45:56] [Server thread/INFO]: Server permissions file permissions.yml is empty, ignoring it
[03:45:56] [Server thread/INFO]: [WorldEdit] Enabling WorldEdit v7.3.1+6763-2e55f4f
[03:45:56] [Server thread/INFO]: Registering commands with com.sk89q.worldedit.bukkit.BukkitServerInterface
[03:45:56] [Server thread/INFO]: WEPIF: Using the Bukkit Permissions API.
[03:45:56] [Server thread/INFO]: Using com.sk89q.worldedit.bukkit.adapter.impl.v1_20_R1.PaperweightAdapter as the Bukkit adapter
[03:45:58] [Server thread/INFO]: [ProtocolLib] Enabling ProtocolLib v5.3.0
[03:45:58] [Server thread/INFO]: [LuckPerms] Enabling LuckPerms v5.4.146
[03:45:59] [Server thread/INFO]:         __    
[03:45:59] [Server thread/INFO]:   |    |__)   LuckPerms v5.4.146
[03:45:59] [Server thread/INFO]:   |___ |      Running on Bukkit - Paper
[03:45:59] [Server thread/INFO]: 
[03:45:59] [Server thread/INFO]: [LuckPerms] Loading configuration...
[03:45:59] [Server thread/INFO]: [LuckPerms] Loading storage provider... [H2]
[03:45:59] [Server thread/INFO]: [LuckPerms] Loading internal permission managers...
[03:46:00] [Server thread/INFO]: [LuckPerms] Performing initial data load...
[03:46:00] [Server thread/INFO]: [LuckPerms] Successfully enabled. (took 1933ms)
[03:46:00] [Server thread/INFO]: [TerraformGenerator] Enabling TerraformGenerator v17.0.1
[03:46:00] [Server thread/INFO]: [TerraformGenerator] Custom Logger Initialized
[03:46:00] [Server thread/INFO]: [TerraformGenerator] bStats Metrics enabled.
[03:46:00] [Server thread/INFO]: [TerraformGenerator] Detected version: 1.20.1, number: 20.1
[03:46:00] [Server thread/INFO]: [nLogin] Enabling nLogin v10.4.17
[03:46:01] [Server thread/INFO]: [nLogin] Successful plugin core start (took 0.56s)
[03:46:01] [Server thread/INFO]:           __             _       
[03:46:01] [Server thread/INFO]:   _ __   / /  ___   __ _(_)_ __  
[03:46:01] [Server thread/INFO]:  | '_ \ / /  / _ \ / _` | | '_ \ 
[03:46:01] [Server thread/INFO]:  | | | / /__| (_) | (_| | | | | |
[03:46:01] [Server thread/INFO]:  |_| |_\____/\___/ \__, |_|_| |_|
[03:46:01] [Server thread/INFO]:                   |___/            
[03:46:01] [Server thread/INFO]:  By: www.nickuc.com - V 10.4.17 DEVELOPMENT
[03:46:01] [Server thread/INFO]:  
[03:46:02] [Server thread/INFO]: [SkinsRestorer] Enabling SkinsRestorer v15.4.4
[03:46:02] [Server thread/WARN]: [SkinsRestorer] You must agree to the rules at 'commands.perSkinPermissionsConsent' in the config to use per skin permissions.
[03:46:03] [Server thread/INFO]: [SkinsRestorer] Running on Minecraft 1.20.1.
[03:46:03] [Server thread/INFO]: [SkinsRestorer] Floodgate skin listener registered
[03:46:03] [Server thread/INFO]: [SkinsRestorer] Using paper join listener!
[03:46:03] [Server thread/INFO]: [ViaRewind] Enabling ViaRewind v4.0.3
[03:46:03] [Server thread/WARN]: **** SERVER IS RUNNING IN OFFLINE/INSECURE MODE!
[03:46:03] [Server thread/WARN]: The server will make no attempt to authenticate usernames. Beware.
[03:46:03] [Server thread/WARN]: While this makes the game possible to play without internet access, it also opens up the ability for hackers to connect with any username they choose.
[03:46:03] [Server thread/WARN]: To change this, set "online-mode" to "true" in the server.properties file.
[03:46:03] [Server thread/INFO]: Preparing level "world"
[03:46:03] [Folia Async Scheduler Thread #3/INFO]: [SkinsRestorer] ----------------------------------------------
[03:46:03] [Folia Async Scheduler Thread #3/INFO]: [SkinsRestorer]     +==================+
[03:46:03] [Folia Async Scheduler Thread #3/INFO]: [SkinsRestorer]     |   SkinsRestorer  |
[03:46:03] [Folia Async Scheduler Thread #3/INFO]: [SkinsRestorer]     |------------------|
[03:46:03] [Folia Async Scheduler Thread #3/INFO]: [SkinsRestorer]     |  Standalone Mode |
[03:46:03] [Folia Async Scheduler Thread #3/INFO]: [SkinsRestorer]     +==================+
[03:46:03] [Folia Async Scheduler Thread #3/INFO]: [SkinsRestorer] ----------------------------------------------
[03:46:03] [Folia Async Scheduler Thread #3/INFO]: [SkinsRestorer]     Version: 15.4.4
[03:46:03] [Folia Async Scheduler Thread #3/INFO]: [SkinsRestorer]     Commit: dc501c7
[03:46:03] [Folia Async Scheduler Thread #3/INFO]: [SkinsRestorer]     This is the latest version!
[03:46:03] [Folia Async Scheduler Thread #3/INFO]: [SkinsRestorer] ----------------------------------------------
[03:46:03] [Folia Async Scheduler Thread #3/INFO]: [SkinsRestorer] Do you have issues? Read our troubleshooting guide: https://skinsrestorer.net/docs/troubleshooting
[03:46:03] [Folia Async Scheduler Thread #3/INFO]: [SkinsRestorer] Want to support SkinsRestorer? Consider donating: https://skinsrestorer.net/donate
[03:46:05] [Server thread/INFO]: [TerraformGenerator] Detected world: world, commencing injection... 
[03:46:05] [Server thread/INFO]: [TerraformGenerator] Injection success! Proceeding with generation.
[03:46:05] [Server thread/INFO]: Preparing start region for dimension minecraft:overworld
[03:46:06] [Server thread/INFO]: Time elapsed: 518 ms
[03:46:06] [Server thread/INFO]: [TerraformGenerator] world loaded.
[03:46:06] [Server thread/INFO]: Preparing start region for dimension minecraft:the_nether
[03:46:06] [Server thread/INFO]: Time elapsed: 73 ms
[03:46:06] [Server thread/INFO]: Preparing start region for dimension minecraft:the_end
[03:46:06] [Server thread/INFO]: Time elapsed: 67 ms
[03:46:06] [Server thread/INFO]: [ViaVersion] Enabling ViaVersion v5.1.2-SNAPSHOT
[03:46:06] [Server thread/INFO]: [ViaVersion] ViaVersion detected server version: 1.20-1.20.1 (763)
[03:46:06] [Server thread/INFO]: [WorldGuard] Enabling WorldGuard v7.0.9+5934e49
[03:46:07] [Server thread/INFO]: [WorldGuard] (world) TNT ignition is PERMITTED.
[03:46:07] [Server thread/INFO]: [WorldGuard] (world) Lighters are PERMITTED.
[03:46:07] [Server thread/INFO]: [WorldGuard] (world) Lava fire is PERMITTED.
[03:46:07] [Server thread/INFO]: [WorldGuard] (world) Fire spread is UNRESTRICTED.
[03:46:07] [Server thread/INFO]: [WorldGuard] Loaded configuration for world 'world'
[03:46:07] [Server thread/INFO]: [WorldGuard] (world_nether) TNT ignition is PERMITTED.
[03:46:07] [Server thread/INFO]: [WorldGuard] (world_nether) Lighters are PERMITTED.
[03:46:07] [Server thread/INFO]: [WorldGuard] (world_nether) Lava fire is PERMITTED.
[03:46:07] [Server thread/INFO]: [WorldGuard] (world_nether) Fire spread is UNRESTRICTED.
[03:46:07] [Server thread/INFO]: [WorldGuard] Loaded configuration for world 'world_nether'
[03:46:07] [Server thread/INFO]: [WorldGuard] (world_the_end) TNT ignition is PERMITTED.
[03:46:07] [Server thread/INFO]: [WorldGuard] (world_the_end) Lighters are PERMITTED.
[03:46:07] [Server thread/INFO]: [WorldGuard] (world_the_end) Lava fire is PERMITTED.
[03:46:07] [Server thread/INFO]: [WorldGuard] (world_the_end) Fire spread is UNRESTRICTED.
[03:46:07] [Server thread/INFO]: [WorldGuard] Loaded configuration for world 'world_the_end'
[03:46:07] [Server thread/INFO]: [WorldGuard] Loading region data...
[03:46:07] [Server thread/INFO]: [floodgate] Enabling floodgate v2.2.3-SNAPSHOT (b114-83fbd6e)
[03:46:08] [Server thread/INFO]: [ViaBackwards] Enabling ViaBackwards v5.1.2-SNAPSHOT
[03:46:08] [Server thread/INFO]: [AngelChest] Enabling AngelChest v13.9.0
[03:46:08] [Server thread/INFO]: [AngelChest] groups.yml does not exist, skipping custom group settings.
[03:46:08] [Server thread/INFO]: [AngelChest] blacklist.yml does not exist, disabling item blacklist.
[03:46:08] [Server thread/INFO]: [AngelChest] Not using premium version, disabling Graveyards feature
[03:46:08] [Server thread/WARN]: [AngelChest] Could not add usage/description to command acopen
[03:46:08] [Server thread/INFO]: [AngelChest] Vault not installed, disabling economy functions.
[03:46:09] [Server thread/INFO]: [AngelChest] [ACF] Enabled Asynchronous Tab Completion Support!
[03:46:09] [Server thread/INFO]: [AngelChest] Successfully enabled AngelChest v13.9.0 (Premium: false)
[03:46:09] [Server thread/INFO]: [VariableEnderChests] Enabling VariableEnderChests v1.11.2.1
[03:46:09] [Server thread/INFO]: [NBTAPI] [NBTAPI] Found Minecraft: v1_20_R1! Trying to find NMS support
[03:46:09] [Server thread/INFO]: [NBTAPI] [NBTAPI] NMS support 'MC1_20_R1' loaded!
[03:46:09] [Server thread/INFO]: [NBTAPI] [NBTAPI] Using the plugin 'VariableEnderChests' to create a bStats instance!
[03:46:09] [Server thread/INFO]: [Geyser-Spigot] Enabling Geyser-Spigot v2.5.0-SNAPSHOT
[03:46:09] [Server thread/INFO]: [AuraSkills] Enabling AuraSkills v2.2.6
[03:46:11] [Server thread/INFO]: [AuraSkills] Loaded 21 message files
[03:46:12] [Server thread/INFO]: [AuraSkills] Successfully registered hook LuckPerms
[03:46:12] [Server thread/INFO]: [AuraSkills] Successfully registered hook ProtocolLib
[03:46:12] [Server thread/INFO]: [AuraSkills] Successfully registered hook WorldGuard
[03:46:12] [Server thread/INFO]: [AuraSkills] Loaded 150 config options in 59 ms
[03:46:12] [Server thread/INFO]: [NBTAPI] [NBTAPI] Found Minecraft: v1_20_R1! Trying to find NMS support
[03:46:12] [Server thread/INFO]: [NBTAPI] [NBTAPI] NMS support 'MC1_20_R1' loaded!
[03:46:12] [Server thread/INFO]: [NBTAPI] [NBTAPI] Using the plugin 'AuraSkills' to create a bStats instance!
[03:46:12] [Server thread/INFO]: [AuraSkills] Loaded 3 blocked/disabled worlds
[03:46:12] [Server thread/INFO]: [AuraSkills] [ACF] Enabled Asynchronous Tab Completion Support!
[03:46:13] [Server thread/INFO]: [Chunky] Enabling Chunky v1.3.136
[03:46:13] [Server thread/INFO]: [CombatPlus] Enabling CombatPlus v1.7.4
[03:46:13] [Server thread/INFO]:  
[03:46:13] [Server thread/INFO]: Combat Plus v1.7.4
[03:46:13] [Server thread/INFO]:  
[03:46:13] [Server thread/INFO]:   Author: Nik
[03:46:13] [Server thread/INFO]:  
[03:46:13] [Server thread/INFO]: [MobsToEggs] Enabling MobsToEggs v1.7.14
[03:46:13] [Server thread/INFO]: [MobsToEggs] Loading files for MobsToEggs...
[03:46:13] [Server thread/INFO]: [MobsToEggs] Loading language: es
[03:46:13] [Server thread/INFO]: [MobsToEggs] Using Dependencies:
[03:46:13] [Server thread/INFO]: [MobsToEggs] ✔️ [WorldGuard]
[03:46:13] [Server thread/INFO]: [MobsToEggs] ❌ [Vault, MythicMobs, NBTAPI, StackMob, Towny]
[03:46:13] [Server thread/INFO]: [ProtectionStones] Enabling ProtectionStones v2.10.4
[03:46:13] [Server thread/INFO]: [WorldGuard] Registering session handler dev.espi.protectionstones.flags.GreetingFlagHandler
[03:46:13] [Server thread/INFO]: [WorldGuard] Registering session handler dev.espi.protectionstones.flags.FarewellFlagHandler
[03:46:13] [Server thread/WARN]: [ProtectionStones] Vault not enabled! There will be no economy support!
[03:46:13] [Server thread/INFO]: [ProtectionStones] PlaceholderAPI not found! There will be no PlaceholderAPI support.
[03:46:13] [Server thread/INFO]: [ProtectionStones] LuckPerms support enabled!
[03:46:14] [Server thread/INFO]: [ProtectionStones] Protection Stone Blocks:
[03:46:14] [Server thread/INFO]: [ProtectionStones] - AMETHYST_BLOCK (50)
[03:46:14] [Server thread/WARN]: [ProtectionStones] Vault is not enabled! Economy functions (renting & buying) will not work!
[03:46:15] [Server thread/INFO]: [ProtectionStones] Building region cache...
[03:46:15] [Server thread/INFO]: [ProtectionStones] Building UUID cache... (if slow change async-load-uuid-cache in the config to true)
[03:46:15] [Server thread/INFO]: [ProtectionStones] Checking if PS regions have been updated to UUIDs...
[03:46:15] [Server thread/INFO]: [ProtectionStones] §fProtectionStones has successfully started!
[03:46:15] [Server thread/INFO]: [ClickTpa] Enabling ClickTpa v1.7.6*
[03:46:15] [Server thread/INFO]: [ClickTpa] ClickTpa v1.7.6 has been loaded successfully!
[03:46:15] [Server thread/INFO]: [ClickTpa] ---------------------------------------
[03:46:15] [Server thread/INFO]: [ClickTpa] To any ClickTpa users who have a version before 1.7.6:
[03:46:15] [Server thread/INFO]: [ClickTpa] There has been an update to the config; some messages have been removed.
[03:46:15] [Server thread/INFO]: [ClickTpa] Therefore, if your config.yml is not updated, you will get errors.
[03:46:15] [Server thread/INFO]: [ClickTpa] ---------------------------------------
[03:46:15] [Server thread/INFO]: [UltimateHomes] Enabling UltimateHomes v3.0
[03:46:15] [Server thread/INFO]: 
[03:46:15] [Server thread/INFO]: --------------------------------------
[03:46:15] [Server thread/INFO]:        UltimateHomes by kixmc
[03:46:15] [Server thread/INFO]:        Enabled on version 3.0
[03:46:15] [Server thread/INFO]: --------------------------------------
[03:46:15] [Server thread/INFO]:  
[03:46:15] [Server thread/INFO]: [HealthBar-Reloaded] Enabling HealthBar-Reloaded v2.0.4.1
[03:46:16] [Server thread/INFO]: [Geyser-Spigot] ******************************************
[03:46:16] [Server thread/INFO]: [Geyser-Spigot] 
[03:46:16] [Server thread/INFO]: [Geyser-Spigot] Loading Geyser version 2.5.0-b716 (git-master-2ebce9c)
[03:46:16] [Server thread/INFO]: [Geyser-Spigot] 
[03:46:16] [Server thread/INFO]: [Geyser-Spigot] ******************************************
[03:46:24] [epollEventLoopGroup-3-2/INFO]: [Geyser-Spigot] Started Geyser on UDP port 19132
[03:46:24] [Server thread/INFO]: [Geyser-Spigot] Done (8.006s)! Run /geyser help for help!
[03:46:24] [Thread-25/INFO]: [Geyser-Spigot] There's a new Geyser update available to support Bedrock version 1.21.50. Download it here: https://geysermc.org/download
[03:46:24] [Server thread/INFO]: Running delayed init tasks
[03:46:24] [Craft Scheduler Thread - 6 - ViaVersion/INFO]: [ViaVersion] Finished mapping loading, shutting down loader executor.
[03:46:24] [Craft Scheduler Thread - 6 - VariableEnderChests/INFO]: [VariableEnderChests] VariableEnderChests is up to date.
[03:46:24] [Craft Scheduler Thread - 9 - CombatPlus/INFO]: [Combat+]: No updates are found, You're running the Latest Version <3
[03:46:25] [Server thread/INFO]: [AuraSkills] Loaded 11 skills with 306 total sources
[03:46:25] [Server thread/INFO]: [AuraSkills] Loaded 9 stats and 17 traits
[03:46:25] [Server thread/INFO]: [AuraSkills] Loaded 22 pattern rewards and 0 level rewards
[03:46:25] [Server thread/INFO]: [AuraSkills] Loaded 53 loot entries in 4 pools and 2 tables
[03:46:25] [Server thread/INFO]: Environment: authHost='https://authserver.mojang.com', accountsHost='https://api.mojang.com', sessionHost='https://sessionserver.mojang.com', servicesHost='https://api.minecraftservices.com', name='PROD'
[03:46:25] [Server thread/INFO]: [AuraSkills] Loaded 6 menus
[03:46:26] [Server thread/INFO]: [ViaVersion] You are running a development version of the plugin, please report any bugs to GitHub.
[03:46:26] [Server thread/INFO]: Done (43.801s)! For help, type "help"
[03:46:26] [Server thread/INFO]: Timings Reset
[03:46:28] [Server thread/INFO]: [AngelChest] ========================================================
[03:46:28] [Server thread/INFO]: [AngelChest] You are using the free version of AngelChest. There is
[03:46:28] [Server thread/INFO]: [AngelChest] also a premium version available, called AngelChestPlus.
[03:46:28] [Server thread/INFO]: [AngelChest] It includes TONS of new features and exclusive Discord
[03:46:28] [Server thread/INFO]: [AngelChest] support. The free version will still receive bugfixes,
[03:46:28] [Server thread/INFO]: [AngelChest] but there won't be ANY new features!
[03:46:28] [Server thread/INFO]: [AngelChest] If you like AngelChest, you will LOVE AngelChestPlus, so
[03:46:28] [Server thread/INFO]: [AngelChest] please consider upgrading! Thank you for using AngelChest.
[03:46:28] [Server thread/INFO]: [AngelChest] 
[03:46:28] [Server thread/INFO]: [AngelChest] https://www.spigotmc.org/resources/88214
[03:46:28] [Server thread/INFO]: [AngelChest] ========================================================
[03:47:09] [User Authenticator #0/INFO]: UUID of player DJMuzan is b705c7ae-ef57-3962-9515-3bbc4cfd154f
[03:47:09] [Server thread/INFO]: DJMuzan[/127.70.48.53:43753] logged in with entity id 217 at ([world]-213.14129179364616, 71.0, 126.32675545594192)
[03:47:09] [Craft Scheduler Thread - 12 - VariableEnderChests/INFO]: [VariableEnderChests] Loaded enderchest for DJMuzan
[03:47:24] [Folia Async Scheduler Thread #3/INFO]: [nLogin] The user DJMuzan has successfully logged in.
[03:49:25] [Server thread/INFO]: Named entity EntityCow['||||||||||||||||||||'/120, uuid='ff7954aa-4352-44f6-b60b-70285afc3cc0', l='ServerLevel[world]', x=-176.64, y=71.00, z=143.76, cpos=[-12, 8], tl=111598, v=true] died: |||||||||||||||||||| was slain by DJMuzan
